启动统一交易系统看板...
❌ 启动失败，查看日志：/Users/kelvin/.openclaw/workspace/unified-trading-dashboard/web_server.log
清理旧的 PID 文件
启动统一交易系统看板...
❌ 启动失败，查看日志：/Users/kelvin/.openclaw/workspace/unified-trading-dashboard/web_server.log
清理旧的 PID 文件
启动统一交易系统看板...
❌ 启动失败，查看日志：/Users/kelvin/.openclaw/workspace/unified-trading-dashboard/web_server.log
看板已在运行 (PID: 19537)
看板已在运行 (PID: 22453)
看板已在运行 (PID: 23352)
清理旧的 PID 文件
启动统一交易系统看板...
✅ 看板已启动 (PID: 1005)
📍 访问地址：http://localhost:5002

[2026-03-22 22:06] 用户报告看板无法访问
- 检查：进程不存在，PID 文件残留
- 修复：重启 web_server.py
- 状态：✅ 已恢复，http://localhost:5002
清理旧的 PID 文件
启动统一交易系统看板...
✅ 看板已启动 (PID: 827)
📍 访问地址：http://localhost:5002
清理旧的 PID 文件
启动统一交易系统看板...
✅ 看板已启动 (PID: 878)
📍 访问地址：http://localhost:5002
清理旧的 PID 文件
启动统一交易系统看板...
✅ 看板已启动 (PID: 789)
📍 访问地址：http://localhost:5002
