[2026-03-19 12:13:04] ==================================================
[2026-03-19 12:13:04] 🔍 Polymarket 扫描开始
[2026-03-19 12:13:04] ==================================================
[2026-03-19 12:13:04] 📊 扫描量化核心策略...
[2026-03-19 12:13:04]   ✅ 3 个信号
[2026-03-19 12:13:04] 🌤️ 扫描天气套利策略...
[2026-03-19 12:13:04]   ✅ 3 个信号
[2026-03-19 12:13:04] 📅 扫描事件交易策略...
[2026-03-19 12:13:04]   ✅ 3 个信号
[2026-03-19 12:13:04] 📄 扫描结果已保存：/Users/kelvin/.openclaw/workspace/polymarket-trading-system/logs/latest_scan.json
[2026-03-19 12:13:04] ==================================================
[2026-03-19 12:13:04] ✅ 扫描完成
[2026-03-19 12:13:04] ==================================================
[2026-03-19 12:15:01] ==================================================
[2026-03-19 12:15:01] 🔍 Polymarket 扫描开始
[2026-03-19 12:15:01] ==================================================
[2026-03-19 12:15:01] 📊 扫描量化核心策略...
[2026-03-19 12:15:01]   ✅ 3 个信号
[2026-03-19 12:15:01] 🌤️ 扫描天气套利策略...
[2026-03-19 12:15:01]   ✅ 3 个信号
[2026-03-19 12:15:01] 📅 扫描事件交易策略...
[2026-03-19 12:15:01]   ✅ 3 个信号
[2026-03-19 12:15:01] 📄 扫描结果已保存：/Users/kelvin/.openclaw/workspace/polymarket-trading-system/logs/latest_scan.json
[2026-03-19 12:15:01] ==================================================
[2026-03-19 12:15:01] ✅ 扫描完成
[2026-03-19 12:15:01] ==================================================
[2026-03-19 12:15:01] ==================================================
[2026-03-19 12:15:01] 🔍 Polymarket 扫描开始
[2026-03-19 12:15:01] ==================================================
[2026-03-19 12:15:01] 📊 扫描量化核心策略...
[2026-03-19 12:15:01]   ✅ 3 个信号
[2026-03-19 12:15:01] 🌤️ 扫描天气套利策略...
[2026-03-19 12:15:01]   ✅ 3 个信号
[2026-03-19 12:15:01] 📅 扫描事件交易策略...
[2026-03-19 12:15:01]   ✅ 3 个信号
[2026-03-19 12:15:01] 📄 扫描结果已保存：/Users/kelvin/.openclaw/workspace/polymarket-trading-system/logs/latest_scan.json
[2026-03-19 12:15:01] ==================================================
[2026-03-19 12:15:01] ✅ 扫描完成
[2026-03-19 12:15:01] ==================================================
[2026-03-19 12:17:21] ==================================================
[2026-03-19 12:17:21] 🔍 Polymarket 扫描开始
[2026-03-19 12:17:21] ==================================================
[2026-03-19 12:17:21] 📊 扫描量化核心策略...
[2026-03-19 12:17:23]   ✅ 3 个信号
[2026-03-19 12:17:23] 🌤️ 扫描天气套利策略...
[2026-03-19 12:17:24]   ✅ 3 个信号
[2026-03-19 12:17:24] 📅 扫描事件交易策略...
[2026-03-19 12:17:25]   ✅ 3 个信号
[2026-03-19 12:17:25] 📄 扫描结果已保存：/Users/kelvin/.openclaw/workspace/polymarket-trading-system/logs/latest_scan.json
[2026-03-19 12:17:25] ==================================================
[2026-03-19 12:17:25] ✅ 扫描完成
[2026-03-19 12:17:25] ==================================================
[2026-03-19 21:49:46] ==================================================
[2026-03-19 21:49:46] 🔍 Polymarket 扫描开始
[2026-03-19 21:49:46] ==================================================
[2026-03-19 21:49:46] 📊 扫描量化核心策略...
[2026-03-19 21:49:50]   ✅ 3 个信号
[2026-03-19 21:49:50] 🌤️ 扫描天气套利策略...
[2026-03-19 21:49:51]   ✅ 3 个信号
[2026-03-19 21:49:51] 📅 扫描事件交易策略...
[2026-03-19 21:49:52]   ✅ 3 个信号
[2026-03-19 21:49:52] 📄 扫描结果已保存：/Users/kelvin/.openclaw/workspace/polymarket-trading-system/logs/latest_scan.json
[2026-03-19 21:49:52] ==================================================
[2026-03-19 21:49:52] ✅ 扫描完成
[2026-03-19 21:49:52] ==================================================
[2026-03-23 10:48:00] ==================================================
[2026-03-23 10:48:00] 🔍 Polymarket 扫描开始
[2026-03-23 10:48:00] ==================================================
[2026-03-23 10:48:00] 📊 扫描量化核心策略...
[2026-03-23 10:48:01]   ✅ 3 个信号
[2026-03-23 10:48:01] 🌤️ 扫描天气套利策略...
[2026-03-23 10:48:01]   ✅ 3 个信号
[2026-03-23 10:48:01] 📅 扫描事件交易策略...
[2026-03-23 10:48:01]   ✅ 3 个信号
[2026-03-23 10:48:01] 📄 扫描结果已保存：/Users/kelvin/.openclaw/workspace/polymarket-trading-system/logs/latest_scan.json
[2026-03-23 10:48:01] ==================================================
[2026-03-23 10:48:01] ✅ 扫描完成
[2026-03-23 10:48:01] ==================================================
[2026-03-26 21:31:33] ==================================================
[2026-03-26 21:31:33] 🔍 Polymarket 扫描开始
[2026-03-26 21:31:33] ==================================================
[2026-03-26 21:31:33] 📊 扫描量化核心策略...
[2026-03-26 21:31:34]   ✅ 3 个信号
[2026-03-26 21:31:34] 🌤️ 扫描天气套利策略...
[2026-03-26 21:31:44]   ✅ 3 个信号
[2026-03-26 21:31:44] 📅 扫描事件交易策略...
[2026-03-26 21:31:46]   ✅ 3 个信号
[2026-03-26 21:31:46] 📄 扫描结果已保存：/Users/kelvin/.openclaw/workspace/polymarket-trading-system/logs/latest_scan.json
[2026-03-26 21:31:46] ==================================================
[2026-03-26 21:31:46] ✅ 扫描完成
[2026-03-26 21:31:46] ==================================================
[2026-03-26 21:32:00] ==================================================
[2026-03-26 21:32:00] 🔍 Polymarket 扫描开始
[2026-03-26 21:32:00] ==================================================
[2026-03-26 21:32:00] 📊 扫描量化核心策略...
[2026-03-26 21:32:01]   ✅ 3 个信号
[2026-03-26 21:32:01] 🌤️ 扫描天气套利策略...
[2026-03-26 21:32:03]   ✅ 3 个信号
[2026-03-26 21:32:03] 📅 扫描事件交易策略...
[2026-03-26 21:32:08]   ✅ 3 个信号
[2026-03-26 21:32:08] 📄 扫描结果已保存：/Users/kelvin/.openclaw/workspace/polymarket-trading-system/logs/latest_scan.json
[2026-03-26 21:32:08] ==================================================
[2026-03-26 21:32:08] ✅ 扫描完成
[2026-03-26 21:32:08] ==================================================
[2026-03-27 09:50:36] ==================================================
[2026-03-27 09:50:36] 🔍 Polymarket 扫描开始
[2026-03-27 09:50:36] ==================================================
[2026-03-27 09:50:36] 📊 扫描量化核心策略...
[2026-03-27 09:50:37]   ✅ 3 个信号
[2026-03-27 09:50:37] 🌤️ 扫描天气套利策略...
[2026-03-27 09:50:38]   ✅ 3 个信号
[2026-03-27 09:50:38] 📅 扫描事件交易策略...
[2026-03-27 09:50:39]   ✅ 3 个信号
[2026-03-27 09:50:39] 📄 扫描结果已保存：/Users/kelvin/.openclaw/workspace/polymarket-trading-system/logs/latest_scan.json
[2026-03-27 09:50:39] ==================================================
[2026-03-27 09:50:39] ✅ 扫描完成
[2026-03-27 09:50:39] ==================================================
