============================================================
📈 A 股统一交易系统
📅 2026-03-20 09:00:00
============================================================

📊 运行技术面策略...
✅ 技术面完成（读取扫描） - 2 个信号

💰 运行基本面策略...
✅ 基本面完成（读取扫描） - 2 个信号

📈 运行情绪面策略...
✅ 情绪面完成（读取扫描） - 2 个信号

📧 生成统一报告...
✅ 邮件已发送：4352395@qq.com
✅ 报告已发送

============================================================
✅ 所有策略运行完成
============================================================
============================================================
📈 A 股统一交易系统
📅 2026-03-20 15:30:00
============================================================

📊 运行技术面策略...
✅ 技术面完成（读取扫描） - 2 个信号

💰 运行基本面策略...
✅ 基本面完成（读取扫描） - 2 个信号

📈 运行情绪面策略...
✅ 情绪面完成（读取扫描） - 2 个信号

📧 生成统一报告...
✅ 邮件已发送：4352395@qq.com
✅ 报告已发送

============================================================
✅ 所有策略运行完成
============================================================
