[2026-03-19 12:29:31] ==================================================
[2026-03-19 12:29:31] 🔍 A 股扫描开始
[2026-03-19 12:29:31] ==================================================
[2026-03-19 12:29:31] 📊 扫描技术面策略...
[2026-03-19 12:29:31]   ✅ 2 个信号
[2026-03-19 12:29:31] 💰 扫描基本面策略...
[2026-03-19 12:29:31]   ✅ 2 个信号
[2026-03-19 12:29:31] 📈 扫描情绪面策略...
[2026-03-19 12:29:31]   ✅ 2 个信号
[2026-03-19 12:29:31] 📄 扫描结果已保存：/Users/kelvin/.openclaw/workspace/a-share-trading-system/logs/latest_scan.json
[2026-03-19 12:29:31] ==================================================
[2026-03-19 12:29:31] ✅ 扫描完成
[2026-03-19 12:29:31] ==================================================
[2026-03-19 14:00:00] ==================================================
[2026-03-19 14:00:00] 🔍 A 股扫描开始
[2026-03-19 14:00:00] ==================================================
[2026-03-19 14:00:00] 📊 扫描技术面策略...
[2026-03-19 14:00:00]   ✅ 2 个信号
[2026-03-19 14:00:00] 💰 扫描基本面策略...
[2026-03-19 14:00:00]   ✅ 2 个信号
[2026-03-19 14:00:00] 📈 扫描情绪面策略...
[2026-03-19 14:00:00]   ✅ 2 个信号
[2026-03-19 14:00:00] 📄 扫描结果已保存：/Users/kelvin/.openclaw/workspace/a-share-trading-system/logs/latest_scan.json
[2026-03-19 14:00:00] ==================================================
[2026-03-19 14:00:00] ✅ 扫描完成
[2026-03-19 14:00:00] ==================================================
[2026-03-19 14:00:00] ==================================================
[2026-03-19 14:00:00] 🔍 A 股扫描开始
[2026-03-19 14:00:00] ==================================================
[2026-03-19 14:00:00] 📊 扫描技术面策略...
[2026-03-19 14:00:00]   ✅ 2 个信号
[2026-03-19 14:00:00] 💰 扫描基本面策略...
[2026-03-19 14:00:00]   ✅ 2 个信号
[2026-03-19 14:00:00] 📈 扫描情绪面策略...
[2026-03-19 14:00:00]   ✅ 2 个信号
[2026-03-19 14:00:00] 📄 扫描结果已保存：/Users/kelvin/.openclaw/workspace/a-share-trading-system/logs/latest_scan.json
[2026-03-19 14:00:00] ==================================================
[2026-03-19 14:00:00] ✅ 扫描完成
[2026-03-19 14:00:00] ==================================================
[2026-03-19 14:30:01] ==================================================
[2026-03-19 14:30:01] 🔍 A 股扫描开始
[2026-03-19 14:30:01] ==================================================
[2026-03-19 14:30:01] 📊 扫描技术面策略...
[2026-03-19 14:30:01]   ✅ 2 个信号
[2026-03-19 14:30:01] 💰 扫描基本面策略...
[2026-03-19 14:30:01]   ✅ 2 个信号
[2026-03-19 14:30:01] 📈 扫描情绪面策略...
[2026-03-19 14:30:01]   ✅ 2 个信号
[2026-03-19 14:30:01] 📄 扫描结果已保存：/Users/kelvin/.openclaw/workspace/a-share-trading-system/logs/latest_scan.json
[2026-03-19 14:30:01] ==================================================
[2026-03-19 14:30:01] ✅ 扫描完成
[2026-03-19 14:30:01] ==================================================
[2026-03-19 14:30:01] ==================================================
[2026-03-19 14:30:01] 🔍 A 股扫描开始
[2026-03-19 14:30:01] ==================================================
[2026-03-19 14:30:01] 📊 扫描技术面策略...
[2026-03-19 14:30:01]   ✅ 2 个信号
[2026-03-19 14:30:01] 💰 扫描基本面策略...
[2026-03-19 14:30:01]   ✅ 2 个信号
[2026-03-19 14:30:01] 📈 扫描情绪面策略...
[2026-03-19 14:30:01]   ✅ 2 个信号
[2026-03-19 14:30:01] 📄 扫描结果已保存：/Users/kelvin/.openclaw/workspace/a-share-trading-system/logs/latest_scan.json
[2026-03-19 14:30:01] ==================================================
[2026-03-19 14:30:01] ✅ 扫描完成
[2026-03-19 14:30:01] ==================================================
[2026-03-19 21:49:46] ==================================================
[2026-03-19 21:49:46] 🔍 A 股扫描开始
[2026-03-19 21:49:46] ==================================================
[2026-03-19 21:49:46] 📊 扫描技术面策略...
[2026-03-19 21:49:46]   ✅ 2 个信号
[2026-03-19 21:49:46] 💰 扫描基本面策略...
[2026-03-19 21:49:46]   ✅ 2 个信号
[2026-03-19 21:49:46] 📈 扫描情绪面策略...
[2026-03-19 21:49:46]   ✅ 2 个信号
[2026-03-19 21:49:46] 📄 扫描结果已保存：/Users/kelvin/.openclaw/workspace/a-share-trading-system/logs/latest_scan.json
[2026-03-19 21:49:46] ==================================================
[2026-03-19 21:49:46] ✅ 扫描完成
[2026-03-19 21:49:46] ==================================================
[2026-03-20 09:00:00] ==================================================
[2026-03-20 09:00:00] 🔍 A 股扫描开始
[2026-03-20 09:00:00] ==================================================
[2026-03-20 09:00:00] 📊 扫描技术面策略...
[2026-03-20 09:00:00]   ✅ 2 个信号
[2026-03-20 09:00:00] 💰 扫描基本面策略...
[2026-03-20 09:00:00]   ✅ 2 个信号
[2026-03-20 09:00:00] 📈 扫描情绪面策略...
[2026-03-20 09:00:00]   ✅ 2 个信号
[2026-03-20 09:00:00] 📄 扫描结果已保存：/Users/kelvin/.openclaw/workspace/a-share-trading-system/logs/latest_scan.json
[2026-03-20 09:00:00] ==================================================
[2026-03-20 09:00:00] ✅ 扫描完成
[2026-03-20 09:00:00] ==================================================
[2026-03-20 09:00:00] ==================================================
[2026-03-20 09:00:00] 🔍 A 股扫描开始
[2026-03-20 09:00:00] ==================================================
[2026-03-20 09:00:00] 📊 扫描技术面策略...
[2026-03-20 09:00:00]   ✅ 2 个信号
[2026-03-20 09:00:00] 💰 扫描基本面策略...
[2026-03-20 09:00:00]   ✅ 2 个信号
[2026-03-20 09:00:00] 📈 扫描情绪面策略...
[2026-03-20 09:00:00]   ✅ 2 个信号
[2026-03-20 09:00:00] 📄 扫描结果已保存：/Users/kelvin/.openclaw/workspace/a-share-trading-system/logs/latest_scan.json
[2026-03-20 09:00:00] ==================================================
[2026-03-20 09:00:00] ✅ 扫描完成
[2026-03-20 09:00:00] ==================================================
[2026-03-20 09:30:00] ==================================================
[2026-03-20 09:30:00] 🔍 A 股扫描开始
[2026-03-20 09:30:00] ==================================================
[2026-03-20 09:30:00] 📊 扫描技术面策略...
[2026-03-20 09:30:00]   ✅ 2 个信号
[2026-03-20 09:30:00] 💰 扫描基本面策略...
[2026-03-20 09:30:00]   ✅ 2 个信号
[2026-03-20 09:30:00] 📈 扫描情绪面策略...
[2026-03-20 09:30:00]   ✅ 2 个信号
[2026-03-20 09:30:00] 📄 扫描结果已保存：/Users/kelvin/.openclaw/workspace/a-share-trading-system/logs/latest_scan.json
[2026-03-20 09:30:00] ==================================================
[2026-03-20 09:30:00] ✅ 扫描完成
[2026-03-20 09:30:00] ==================================================
[2026-03-20 09:30:00] ==================================================
[2026-03-20 09:30:00] 🔍 A 股扫描开始
[2026-03-20 09:30:00] ==================================================
[2026-03-20 09:30:00] 📊 扫描技术面策略...
[2026-03-20 09:30:00]   ✅ 2 个信号
[2026-03-20 09:30:00] 💰 扫描基本面策略...
[2026-03-20 09:30:00]   ✅ 2 个信号
[2026-03-20 09:30:00] 📈 扫描情绪面策略...
[2026-03-20 09:30:00]   ✅ 2 个信号
[2026-03-20 09:30:00] 📄 扫描结果已保存：/Users/kelvin/.openclaw/workspace/a-share-trading-system/logs/latest_scan.json
[2026-03-20 09:30:00] ==================================================
[2026-03-20 09:30:00] ✅ 扫描完成
[2026-03-20 09:30:00] ==================================================
[2026-03-20 13:30:01] ==================================================
[2026-03-20 13:30:01] 🔍 A 股扫描开始
[2026-03-20 13:30:01] ==================================================
[2026-03-20 13:30:01] 📊 扫描技术面策略...
[2026-03-20 13:30:01]   ✅ 2 个信号
[2026-03-20 13:30:01] 💰 扫描基本面策略...
[2026-03-20 13:30:01]   ✅ 2 个信号
[2026-03-20 13:30:01] 📈 扫描情绪面策略...
[2026-03-20 13:30:01]   ✅ 2 个信号
[2026-03-20 13:30:01] 📄 扫描结果已保存：/Users/kelvin/.openclaw/workspace/a-share-trading-system/logs/latest_scan.json
[2026-03-20 13:30:01] ==================================================
[2026-03-20 13:30:01] ✅ 扫描完成
[2026-03-20 13:30:01] ==================================================
[2026-03-20 13:30:01] ==================================================
[2026-03-20 13:30:01] 🔍 A 股扫描开始
[2026-03-20 13:30:01] ==================================================
[2026-03-20 13:30:01] 📊 扫描技术面策略...
[2026-03-20 13:30:01]   ✅ 2 个信号
[2026-03-20 13:30:01] 💰 扫描基本面策略...
[2026-03-20 13:30:01]   ✅ 2 个信号
[2026-03-20 13:30:01] 📈 扫描情绪面策略...
[2026-03-20 13:30:01]   ✅ 2 个信号
[2026-03-20 13:30:01] 📄 扫描结果已保存：/Users/kelvin/.openclaw/workspace/a-share-trading-system/logs/latest_scan.json
[2026-03-20 13:30:01] ==================================================
[2026-03-20 13:30:01] ✅ 扫描完成
[2026-03-20 13:30:01] ==================================================
[2026-03-20 14:00:00] ==================================================
[2026-03-20 14:00:00] 🔍 A 股扫描开始
[2026-03-20 14:00:00] ==================================================
[2026-03-20 14:00:00] 📊 扫描技术面策略...
[2026-03-20 14:00:00]   ✅ 2 个信号
[2026-03-20 14:00:00] 💰 扫描基本面策略...
[2026-03-20 14:00:00]   ✅ 2 个信号
[2026-03-20 14:00:00] 📈 扫描情绪面策略...
[2026-03-20 14:00:00]   ✅ 2 个信号
[2026-03-20 14:00:00] 📄 扫描结果已保存：/Users/kelvin/.openclaw/workspace/a-share-trading-system/logs/latest_scan.json
[2026-03-20 14:00:00] ==================================================
[2026-03-20 14:00:00] ✅ 扫描完成
[2026-03-20 14:00:00] ==================================================
[2026-03-20 14:00:00] ==================================================
[2026-03-20 14:00:00] 🔍 A 股扫描开始
[2026-03-20 14:00:00] ==================================================
[2026-03-20 14:00:00] 📊 扫描技术面策略...
[2026-03-20 14:00:00]   ✅ 2 个信号
[2026-03-20 14:00:00] 💰 扫描基本面策略...
[2026-03-20 14:00:00]   ✅ 2 个信号
[2026-03-20 14:00:00] 📈 扫描情绪面策略...
[2026-03-20 14:00:00]   ✅ 2 个信号
[2026-03-20 14:00:00] 📄 扫描结果已保存：/Users/kelvin/.openclaw/workspace/a-share-trading-system/logs/latest_scan.json
[2026-03-20 14:00:00] ==================================================
[2026-03-20 14:00:00] ✅ 扫描完成
[2026-03-20 14:00:00] ==================================================
[2026-03-20 14:30:00] ==================================================
[2026-03-20 14:30:00] 🔍 A 股扫描开始
[2026-03-20 14:30:00] ==================================================
[2026-03-20 14:30:00] 📊 扫描技术面策略...
[2026-03-20 14:30:00]   ✅ 2 个信号
[2026-03-20 14:30:00] 💰 扫描基本面策略...
[2026-03-20 14:30:00]   ✅ 2 个信号
[2026-03-20 14:30:00] 📈 扫描情绪面策略...
[2026-03-20 14:30:00]   ✅ 2 个信号
[2026-03-20 14:30:00] 📄 扫描结果已保存：/Users/kelvin/.openclaw/workspace/a-share-trading-system/logs/latest_scan.json
[2026-03-20 14:30:00] ==================================================
[2026-03-20 14:30:00] ✅ 扫描完成
[2026-03-20 14:30:00] ==================================================
[2026-03-20 14:30:00] ==================================================
[2026-03-20 14:30:00] 🔍 A 股扫描开始
[2026-03-20 14:30:00] ==================================================
[2026-03-20 14:30:00] 📊 扫描技术面策略...
[2026-03-20 14:30:00]   ✅ 2 个信号
[2026-03-20 14:30:00] 💰 扫描基本面策略...
[2026-03-20 14:30:00]   ✅ 2 个信号
[2026-03-20 14:30:00] 📈 扫描情绪面策略...
[2026-03-20 14:30:00]   ✅ 2 个信号
[2026-03-20 14:30:00] 📄 扫描结果已保存：/Users/kelvin/.openclaw/workspace/a-share-trading-system/logs/latest_scan.json
[2026-03-20 14:30:00] ==================================================
[2026-03-20 14:30:00] ✅ 扫描完成
[2026-03-20 14:30:00] ==================================================
[2026-03-20 15:00:00] ==================================================
[2026-03-20 15:00:00] 🔍 A 股扫描开始
[2026-03-20 15:00:00] ==================================================
[2026-03-20 15:00:00] 📊 扫描技术面策略...
[2026-03-20 15:00:00]   ✅ 2 个信号
[2026-03-20 15:00:00] 💰 扫描基本面策略...
[2026-03-20 15:00:00]   ✅ 2 个信号
[2026-03-20 15:00:00] 📈 扫描情绪面策略...
[2026-03-20 15:00:00]   ✅ 2 个信号
[2026-03-20 15:00:00] 📄 扫描结果已保存：/Users/kelvin/.openclaw/workspace/a-share-trading-system/logs/latest_scan.json
[2026-03-20 15:00:00] ==================================================
[2026-03-20 15:00:00] ✅ 扫描完成
[2026-03-20 15:00:00] ==================================================
[2026-03-20 15:00:00] ==================================================
[2026-03-20 15:00:00] 🔍 A 股扫描开始
[2026-03-20 15:00:00] ==================================================
[2026-03-20 15:00:00] 📊 扫描技术面策略...
[2026-03-20 15:00:00]   ✅ 2 个信号
[2026-03-20 15:00:00] 💰 扫描基本面策略...
[2026-03-20 15:00:00]   ✅ 2 个信号
[2026-03-20 15:00:00] 📈 扫描情绪面策略...
[2026-03-20 15:00:00]   ✅ 2 个信号
[2026-03-20 15:00:00] 📄 扫描结果已保存：/Users/kelvin/.openclaw/workspace/a-share-trading-system/logs/latest_scan.json
[2026-03-20 15:00:00] ==================================================
[2026-03-20 15:00:00] ✅ 扫描完成
[2026-03-20 15:00:00] ==================================================
[2026-03-20 15:30:00] ==================================================
[2026-03-20 15:30:00] 🔍 A 股扫描开始
[2026-03-20 15:30:00] ==================================================
[2026-03-20 15:30:00] 📊 扫描技术面策略...
[2026-03-20 15:30:00]   ✅ 2 个信号
[2026-03-20 15:30:00] 💰 扫描基本面策略...
[2026-03-20 15:30:00]   ✅ 2 个信号
[2026-03-20 15:30:00] 📈 扫描情绪面策略...
[2026-03-20 15:30:00]   ✅ 2 个信号
[2026-03-20 15:30:00] 📄 扫描结果已保存：/Users/kelvin/.openclaw/workspace/a-share-trading-system/logs/latest_scan.json
[2026-03-20 15:30:00] ==================================================
[2026-03-20 15:30:00] ✅ 扫描完成
[2026-03-20 15:30:00] ==================================================
[2026-03-20 15:30:00] ==================================================
[2026-03-20 15:30:00] 🔍 A 股扫描开始
[2026-03-20 15:30:00] ==================================================
[2026-03-20 15:30:00] 📊 扫描技术面策略...
[2026-03-20 15:30:00]   ✅ 2 个信号
[2026-03-20 15:30:00] 💰 扫描基本面策略...
[2026-03-20 15:30:00]   ✅ 2 个信号
[2026-03-20 15:30:00] 📈 扫描情绪面策略...
[2026-03-20 15:30:00]   ✅ 2 个信号
[2026-03-20 15:30:00] 📄 扫描结果已保存：/Users/kelvin/.openclaw/workspace/a-share-trading-system/logs/latest_scan.json
[2026-03-20 15:30:00] ==================================================
[2026-03-20 15:30:00] ✅ 扫描完成
[2026-03-20 15:30:00] ==================================================
[2026-03-23 09:30:00] ==================================================
[2026-03-23 09:30:00] 🔍 A 股扫描开始
[2026-03-23 09:30:00] ==================================================
[2026-03-23 09:30:00] 📊 扫描技术面策略...
[2026-03-23 09:30:00]   ✅ 2 个信号
[2026-03-23 09:30:00] 💰 扫描基本面策略...
[2026-03-23 09:30:00]   ✅ 2 个信号
[2026-03-23 09:30:00] 📈 扫描情绪面策略...
[2026-03-23 09:30:00]   ✅ 2 个信号
[2026-03-23 09:30:00] 📄 扫描结果已保存：/Users/kelvin/.openclaw/workspace/a-share-trading-system/logs/latest_scan.json
[2026-03-23 09:30:00] ==================================================
[2026-03-23 09:30:00] ✅ 扫描完成
[2026-03-23 09:30:00] ==================================================
[2026-03-23 09:30:00] ==================================================
[2026-03-23 09:30:00] 🔍 A 股扫描开始
[2026-03-23 09:30:00] ==================================================
[2026-03-23 09:30:00] 📊 扫描技术面策略...
[2026-03-23 09:30:00]   ✅ 2 个信号
[2026-03-23 09:30:00] 💰 扫描基本面策略...
[2026-03-23 09:30:00]   ✅ 2 个信号
[2026-03-23 09:30:00] 📈 扫描情绪面策略...
[2026-03-23 09:30:00]   ✅ 2 个信号
[2026-03-23 09:30:00] 📄 扫描结果已保存：/Users/kelvin/.openclaw/workspace/a-share-trading-system/logs/latest_scan.json
[2026-03-23 09:30:00] ==================================================
[2026-03-23 09:30:00] ✅ 扫描完成
[2026-03-23 09:30:00] ==================================================
[2026-03-23 10:00:00] ==================================================
[2026-03-23 10:00:00] 🔍 A 股扫描开始
[2026-03-23 10:00:00] ==================================================
[2026-03-23 10:00:00] 📊 扫描技术面策略...
[2026-03-23 10:00:00]   ✅ 2 个信号
[2026-03-23 10:00:00] 💰 扫描基本面策略...
[2026-03-23 10:00:00]   ✅ 2 个信号
[2026-03-23 10:00:00] 📈 扫描情绪面策略...
[2026-03-23 10:00:00]   ✅ 2 个信号
[2026-03-23 10:00:00] 📄 扫描结果已保存：/Users/kelvin/.openclaw/workspace/a-share-trading-system/logs/latest_scan.json
[2026-03-23 10:00:00] ==================================================
[2026-03-23 10:00:00] ✅ 扫描完成
[2026-03-23 10:00:00] ==================================================
[2026-03-23 10:00:00] ==================================================
[2026-03-23 10:00:00] 🔍 A 股扫描开始
[2026-03-23 10:00:00] ==================================================
[2026-03-23 10:00:00] 📊 扫描技术面策略...
[2026-03-23 10:00:00]   ✅ 2 个信号
[2026-03-23 10:00:00] 💰 扫描基本面策略...
[2026-03-23 10:00:00]   ✅ 2 个信号
[2026-03-23 10:00:00] 📈 扫描情绪面策略...
[2026-03-23 10:00:00]   ✅ 2 个信号
[2026-03-23 10:00:00] 📄 扫描结果已保存：/Users/kelvin/.openclaw/workspace/a-share-trading-system/logs/latest_scan.json
[2026-03-23 10:00:00] ==================================================
[2026-03-23 10:00:00] ✅ 扫描完成
[2026-03-23 10:00:00] ==================================================
[2026-03-23 10:30:00] ==================================================
[2026-03-23 10:30:00] 🔍 A 股扫描开始
[2026-03-23 10:30:00] ==================================================
[2026-03-23 10:30:00] 📊 扫描技术面策略...
[2026-03-23 10:30:00]   ✅ 2 个信号
[2026-03-23 10:30:00] 💰 扫描基本面策略...
[2026-03-23 10:30:00]   ✅ 2 个信号
[2026-03-23 10:30:00] 📈 扫描情绪面策略...
[2026-03-23 10:30:00]   ✅ 2 个信号
[2026-03-23 10:30:00] 📄 扫描结果已保存：/Users/kelvin/.openclaw/workspace/a-share-trading-system/logs/latest_scan.json
[2026-03-23 10:30:00] ==================================================
[2026-03-23 10:30:00] ✅ 扫描完成
[2026-03-23 10:30:00] ==================================================
[2026-03-23 10:30:00] ==================================================
[2026-03-23 10:30:00] 🔍 A 股扫描开始
[2026-03-23 10:30:00] ==================================================
[2026-03-23 10:30:00] 📊 扫描技术面策略...
[2026-03-23 10:30:00]   ✅ 2 个信号
[2026-03-23 10:30:00] 💰 扫描基本面策略...
[2026-03-23 10:30:00]   ✅ 2 个信号
[2026-03-23 10:30:00] 📈 扫描情绪面策略...
[2026-03-23 10:30:00]   ✅ 2 个信号
[2026-03-23 10:30:00] 📄 扫描结果已保存：/Users/kelvin/.openclaw/workspace/a-share-trading-system/logs/latest_scan.json
[2026-03-23 10:30:00] ==================================================
[2026-03-23 10:30:00] ✅ 扫描完成
[2026-03-23 10:30:00] ==================================================
[2026-03-23 11:00:00] ==================================================
[2026-03-23 11:00:00] 🔍 A 股扫描开始
[2026-03-23 11:00:00] ==================================================
[2026-03-23 11:00:00] 📊 扫描技术面策略...
[2026-03-23 11:00:00]   ✅ 2 个信号
[2026-03-23 11:00:00] 💰 扫描基本面策略...
[2026-03-23 11:00:00]   ✅ 2 个信号
[2026-03-23 11:00:00] 📈 扫描情绪面策略...
[2026-03-23 11:00:00]   ✅ 2 个信号
[2026-03-23 11:00:00] 📄 扫描结果已保存：/Users/kelvin/.openclaw/workspace/a-share-trading-system/logs/latest_scan.json
[2026-03-23 11:00:00] ==================================================
[2026-03-23 11:00:00] ✅ 扫描完成
[2026-03-23 11:00:00] ==================================================
[2026-03-23 11:00:00] ==================================================
[2026-03-23 11:00:00] 🔍 A 股扫描开始
[2026-03-23 11:00:00] ==================================================
[2026-03-23 11:00:00] 📊 扫描技术面策略...
[2026-03-23 11:00:00]   ✅ 2 个信号
[2026-03-23 11:00:00] 💰 扫描基本面策略...
[2026-03-23 11:00:00]   ✅ 2 个信号
[2026-03-23 11:00:00] 📈 扫描情绪面策略...
[2026-03-23 11:00:00]   ✅ 2 个信号
[2026-03-23 11:00:00] 📄 扫描结果已保存：/Users/kelvin/.openclaw/workspace/a-share-trading-system/logs/latest_scan.json
[2026-03-23 11:00:00] ==================================================
[2026-03-23 11:00:00] ✅ 扫描完成
[2026-03-23 11:00:00] ==================================================
[2026-03-23 11:30:00] ==================================================
[2026-03-23 11:30:00] 🔍 A 股扫描开始
[2026-03-23 11:30:00] ==================================================
[2026-03-23 11:30:00] 📊 扫描技术面策略...
[2026-03-23 11:30:00]   ✅ 2 个信号
[2026-03-23 11:30:00] 💰 扫描基本面策略...
[2026-03-23 11:30:00]   ✅ 2 个信号
[2026-03-23 11:30:00] 📈 扫描情绪面策略...
[2026-03-23 11:30:00]   ✅ 2 个信号
[2026-03-23 11:30:00] 📄 扫描结果已保存：/Users/kelvin/.openclaw/workspace/a-share-trading-system/logs/latest_scan.json
[2026-03-23 11:30:00] ==================================================
[2026-03-23 11:30:00] ✅ 扫描完成
[2026-03-23 11:30:00] ==================================================
[2026-03-23 11:30:00] ==================================================
[2026-03-23 11:30:00] 🔍 A 股扫描开始
[2026-03-23 11:30:00] ==================================================
[2026-03-23 11:30:00] 📊 扫描技术面策略...
[2026-03-23 11:30:00]   ✅ 2 个信号
[2026-03-23 11:30:00] 💰 扫描基本面策略...
[2026-03-23 11:30:00]   ✅ 2 个信号
[2026-03-23 11:30:00] 📈 扫描情绪面策略...
[2026-03-23 11:30:00]   ✅ 2 个信号
[2026-03-23 11:30:00] 📄 扫描结果已保存：/Users/kelvin/.openclaw/workspace/a-share-trading-system/logs/latest_scan.json
[2026-03-23 11:30:00] ==================================================
[2026-03-23 11:30:00] ✅ 扫描完成
[2026-03-23 11:30:00] ==================================================
[2026-03-23 13:00:01] ==================================================
[2026-03-23 13:00:01] 🔍 A 股扫描开始
[2026-03-23 13:00:01] ==================================================
[2026-03-23 13:00:01] 📊 扫描技术面策略...
[2026-03-23 13:00:01]   ✅ 2 个信号
[2026-03-23 13:00:01] 💰 扫描基本面策略...
[2026-03-23 13:00:01]   ✅ 2 个信号
[2026-03-23 13:00:01] 📈 扫描情绪面策略...
[2026-03-23 13:00:01]   ✅ 2 个信号
[2026-03-23 13:00:01] 📄 扫描结果已保存：/Users/kelvin/.openclaw/workspace/a-share-trading-system/logs/latest_scan.json
[2026-03-23 13:00:01] ==================================================
[2026-03-23 13:00:01] ✅ 扫描完成
[2026-03-23 13:00:01] ==================================================
[2026-03-23 13:00:01] ==================================================
[2026-03-23 13:00:01] 🔍 A 股扫描开始
[2026-03-23 13:00:01] ==================================================
[2026-03-23 13:00:01] 📊 扫描技术面策略...
[2026-03-23 13:00:01]   ✅ 2 个信号
[2026-03-23 13:00:01] 💰 扫描基本面策略...
[2026-03-23 13:00:01]   ✅ 2 个信号
[2026-03-23 13:00:01] 📈 扫描情绪面策略...
[2026-03-23 13:00:01]   ✅ 2 个信号
[2026-03-23 13:00:01] 📄 扫描结果已保存：/Users/kelvin/.openclaw/workspace/a-share-trading-system/logs/latest_scan.json
[2026-03-23 13:00:01] ==================================================
[2026-03-23 13:00:01] ✅ 扫描完成
[2026-03-23 13:00:01] ==================================================
[2026-03-23 14:30:00] ==================================================
[2026-03-23 14:30:00] 🔍 A 股扫描开始
[2026-03-23 14:30:00] ==================================================
[2026-03-23 14:30:00] 📊 扫描技术面策略...
[2026-03-23 14:30:00]   ✅ 2 个信号
[2026-03-23 14:30:00] 💰 扫描基本面策略...
[2026-03-23 14:30:00]   ✅ 2 个信号
[2026-03-23 14:30:00] 📈 扫描情绪面策略...
[2026-03-23 14:30:00]   ✅ 2 个信号
[2026-03-23 14:30:00] 📄 扫描结果已保存：/Users/kelvin/.openclaw/workspace/a-share-trading-system/logs/latest_scan.json
[2026-03-23 14:30:00] ==================================================
[2026-03-23 14:30:00] ✅ 扫描完成
[2026-03-23 14:30:00] ==================================================
[2026-03-23 14:30:00] ==================================================
[2026-03-23 14:30:00] 🔍 A 股扫描开始
[2026-03-23 14:30:00] ==================================================
[2026-03-23 14:30:00] 📊 扫描技术面策略...
[2026-03-23 14:30:00]   ✅ 2 个信号
[2026-03-23 14:30:00] 💰 扫描基本面策略...
[2026-03-23 14:30:00]   ✅ 2 个信号
[2026-03-23 14:30:00] 📈 扫描情绪面策略...
[2026-03-23 14:30:00]   ✅ 2 个信号
[2026-03-23 14:30:00] 📄 扫描结果已保存：/Users/kelvin/.openclaw/workspace/a-share-trading-system/logs/latest_scan.json
[2026-03-23 14:30:00] ==================================================
[2026-03-23 14:30:00] ✅ 扫描完成
[2026-03-23 14:30:00] ==================================================
[2026-03-23 15:30:00] ==================================================
[2026-03-23 15:30:00] 🔍 A 股扫描开始
[2026-03-23 15:30:00] ==================================================
[2026-03-23 15:30:00] 📊 扫描技术面策略...
[2026-03-23 15:30:00]   ✅ 2 个信号
[2026-03-23 15:30:00] 💰 扫描基本面策略...
[2026-03-23 15:30:00]   ✅ 2 个信号
[2026-03-23 15:30:00] 📈 扫描情绪面策略...
[2026-03-23 15:30:00]   ✅ 2 个信号
[2026-03-23 15:30:00] 📄 扫描结果已保存：/Users/kelvin/.openclaw/workspace/a-share-trading-system/logs/latest_scan.json
[2026-03-23 15:30:00] ==================================================
[2026-03-23 15:30:00] ✅ 扫描完成
[2026-03-23 15:30:00] ==================================================
[2026-03-23 15:30:00] ==================================================
[2026-03-23 15:30:00] 🔍 A 股扫描开始
[2026-03-23 15:30:00] ==================================================
[2026-03-23 15:30:00] 📊 扫描技术面策略...
[2026-03-23 15:30:00]   ✅ 2 个信号
[2026-03-23 15:30:00] 💰 扫描基本面策略...
[2026-03-23 15:30:00]   ✅ 2 个信号
[2026-03-23 15:30:00] 📈 扫描情绪面策略...
[2026-03-23 15:30:00]   ✅ 2 个信号
[2026-03-23 15:30:00] 📄 扫描结果已保存：/Users/kelvin/.openclaw/workspace/a-share-trading-system/logs/latest_scan.json
[2026-03-23 15:30:00] ==================================================
[2026-03-23 15:30:00] ✅ 扫描完成
[2026-03-23 15:30:00] ==================================================
[2026-03-24 09:00:00] ==================================================
[2026-03-24 09:00:00] 🔍 A 股扫描开始
[2026-03-24 09:00:00] ==================================================
[2026-03-24 09:00:00] 📊 扫描技术面策略...
[2026-03-24 09:00:00]   ✅ 2 个信号
[2026-03-24 09:00:00] 💰 扫描基本面策略...
[2026-03-24 09:00:00]   ✅ 2 个信号
[2026-03-24 09:00:00] 📈 扫描情绪面策略...
[2026-03-24 09:00:00]   ✅ 2 个信号
[2026-03-24 09:00:00] 📄 扫描结果已保存：/Users/kelvin/.openclaw/workspace/a-share-trading-system/logs/latest_scan.json
[2026-03-24 09:00:00] ==================================================
[2026-03-24 09:00:00] ✅ 扫描完成
[2026-03-24 09:00:00] ==================================================
[2026-03-24 09:00:00] ==================================================
[2026-03-24 09:00:00] 🔍 A 股扫描开始
[2026-03-24 09:00:00] ==================================================
[2026-03-24 09:00:00] 📊 扫描技术面策略...
[2026-03-24 09:00:00]   ✅ 2 个信号
[2026-03-24 09:00:00] 💰 扫描基本面策略...
[2026-03-24 09:00:00]   ✅ 2 个信号
[2026-03-24 09:00:00] 📈 扫描情绪面策略...
[2026-03-24 09:00:00]   ✅ 2 个信号
[2026-03-24 09:00:00] 📄 扫描结果已保存：/Users/kelvin/.openclaw/workspace/a-share-trading-system/logs/latest_scan.json
[2026-03-24 09:00:00] ==================================================
[2026-03-24 09:00:00] ✅ 扫描完成
[2026-03-24 09:00:00] ==================================================
[2026-03-24 09:30:00] ==================================================
[2026-03-24 09:30:00] 🔍 A 股扫描开始
[2026-03-24 09:30:00] ==================================================
[2026-03-24 09:30:00] 📊 扫描技术面策略...
[2026-03-24 09:30:00]   ✅ 2 个信号
[2026-03-24 09:30:00] 💰 扫描基本面策略...
[2026-03-24 09:30:00]   ✅ 2 个信号
[2026-03-24 09:30:00] 📈 扫描情绪面策略...
[2026-03-24 09:30:00]   ✅ 2 个信号
[2026-03-24 09:30:00] 📄 扫描结果已保存：/Users/kelvin/.openclaw/workspace/a-share-trading-system/logs/latest_scan.json
[2026-03-24 09:30:00] ==================================================
[2026-03-24 09:30:00] ✅ 扫描完成
[2026-03-24 09:30:00] ==================================================
[2026-03-24 09:30:00] ==================================================
[2026-03-24 09:30:00] 🔍 A 股扫描开始
[2026-03-24 09:30:00] ==================================================
[2026-03-24 09:30:00] 📊 扫描技术面策略...
[2026-03-24 09:30:00]   ✅ 2 个信号
[2026-03-24 09:30:00] 💰 扫描基本面策略...
[2026-03-24 09:30:00]   ✅ 2 个信号
[2026-03-24 09:30:00] 📈 扫描情绪面策略...
[2026-03-24 09:30:00]   ✅ 2 个信号
[2026-03-24 09:30:00] 📄 扫描结果已保存：/Users/kelvin/.openclaw/workspace/a-share-trading-system/logs/latest_scan.json
[2026-03-24 09:30:00] ==================================================
[2026-03-24 09:30:00] ✅ 扫描完成
[2026-03-24 09:30:00] ==================================================
[2026-03-24 10:00:00] ==================================================
[2026-03-24 10:00:00] 🔍 A 股扫描开始
[2026-03-24 10:00:00] ==================================================
[2026-03-24 10:00:00] 📊 扫描技术面策略...
[2026-03-24 10:00:00]   ✅ 2 个信号
[2026-03-24 10:00:00] 💰 扫描基本面策略...
[2026-03-24 10:00:00]   ✅ 2 个信号
[2026-03-24 10:00:00] 📈 扫描情绪面策略...
[2026-03-24 10:00:00]   ✅ 2 个信号
[2026-03-24 10:00:00] 📄 扫描结果已保存：/Users/kelvin/.openclaw/workspace/a-share-trading-system/logs/latest_scan.json
[2026-03-24 10:00:00] ==================================================
[2026-03-24 10:00:00] ✅ 扫描完成
[2026-03-24 10:00:00] ==================================================
[2026-03-24 10:00:00] ==================================================
[2026-03-24 10:00:00] 🔍 A 股扫描开始
[2026-03-24 10:00:00] ==================================================
[2026-03-24 10:00:00] 📊 扫描技术面策略...
[2026-03-24 10:00:00]   ✅ 2 个信号
[2026-03-24 10:00:00] 💰 扫描基本面策略...
[2026-03-24 10:00:00]   ✅ 2 个信号
[2026-03-24 10:00:00] 📈 扫描情绪面策略...
[2026-03-24 10:00:00]   ✅ 2 个信号
[2026-03-24 10:00:00] 📄 扫描结果已保存：/Users/kelvin/.openclaw/workspace/a-share-trading-system/logs/latest_scan.json
[2026-03-24 10:00:00] ==================================================
[2026-03-24 10:00:00] ✅ 扫描完成
[2026-03-24 10:00:00] ==================================================
[2026-03-24 10:30:00] ==================================================
[2026-03-24 10:30:00] 🔍 A 股扫描开始
[2026-03-24 10:30:00] ==================================================
[2026-03-24 10:30:00] 📊 扫描技术面策略...
[2026-03-24 10:30:00]   ✅ 2 个信号
[2026-03-24 10:30:00] 💰 扫描基本面策略...
[2026-03-24 10:30:00]   ✅ 2 个信号
[2026-03-24 10:30:00] 📈 扫描情绪面策略...
[2026-03-24 10:30:00]   ✅ 2 个信号
[2026-03-24 10:30:00] 📄 扫描结果已保存：/Users/kelvin/.openclaw/workspace/a-share-trading-system/logs/latest_scan.json
[2026-03-24 10:30:00] ==================================================
[2026-03-24 10:30:00] ✅ 扫描完成
[2026-03-24 10:30:00] ==================================================
[2026-03-24 10:30:00] ==================================================
[2026-03-24 10:30:00] 🔍 A 股扫描开始
[2026-03-24 10:30:00] ==================================================
[2026-03-24 10:30:00] 📊 扫描技术面策略...
[2026-03-24 10:30:00]   ✅ 2 个信号
[2026-03-24 10:30:00] 💰 扫描基本面策略...
[2026-03-24 10:30:00]   ✅ 2 个信号
[2026-03-24 10:30:00] 📈 扫描情绪面策略...
[2026-03-24 10:30:00]   ✅ 2 个信号
[2026-03-24 10:30:00] 📄 扫描结果已保存：/Users/kelvin/.openclaw/workspace/a-share-trading-system/logs/latest_scan.json
[2026-03-24 10:30:00] ==================================================
[2026-03-24 10:30:00] ✅ 扫描完成
[2026-03-24 10:30:00] ==================================================
