============================================================
🚀 短线选股策略 - 自动运行
📅 执行时间：2026-03-17 09:14:07
============================================================
📋 股票池：85 只
🔍 开始分析 85 只股票...
📊 进度：1/85
⏸️  短暂休息 2 秒...
📊 进度：11/85
⏸️  短暂休息 2 秒...
⏸️  短暂休息 2 秒...
📊 进度：21/85
⏸️  短暂休息 2 秒...
⏸️  短暂休息 2 秒...
📊 进度：31/85
⏸️  短暂休息 2 秒...
⏸️  短暂休息 2 秒...
📊 进度：41/85
⏸️  短暂休息 2 秒...
⏸️  短暂休息 2 秒...
📊 进度：51/85
⏸️  短暂休息 2 秒...
⏸️  短暂休息 2 秒...
📊 进度：61/85
⏸️  短暂休息 2 秒...
⏸️  短暂休息 2 秒...
📊 进度：71/85
⏸️  短暂休息 2 秒...
⏸️  短暂休息 2 秒...
📊 进度：81/85
⏸️  短暂休息 2 秒...

😔 今日无符合条件的股票

============================================================
✅ 执行完成
============================================================
