
============================================================
⏰ 定时扫描启动
============================================================
🔌 使用模拟 API（测试模式）
✅ Polymarket 量化机器人初始化完成
📊 模式：simulation
💰 初始资金：$10,000

============================================================
🤖 Polymarket 量化机器人 - 每日运行
📅 日期：2026-03-18 22:30
============================================================

🔌 从 API 获取市场数据...
✅ 获取到 5 个市场

🧠 运行预测模型...

📊 扫描 EV 机会...
✅ 发现 3 个 EV 机会
  ceasefire-2024:
    市场价=30%, 预测价=43%, EV=+44.3%
    主导因子：base_rate, 建议仓位=$475
  fed-cut-jun-2026:
    市场价=40%, 预测价=48%, EV=+21.2%
    主导因子：news_catalyst, 建议仓位=$354
  btc-100k-2026:
    市场价=65%, 预测价=60%, EV=-8.4%
    主导因子：market_sentiment, 建议仓位=$0

📊 扫描基础率机会...
⚠️  无基础率机会

📊 扫描 KL 套利机会...
✅ 发现 1 个套利机会
  ceasefire-2024 vs btc-100k-2026: KL=0.2566
📧 报告已保存：/Users/kelvin/.openclaw/workspace/polymarket-quant-bot/reports/daily_report_2026-03-18.md

============================================================
✅ 每日运行完成
============================================================

✅ 定时扫描完成
下次扫描：15 分钟后


============================================================
⏰ 定时扫描启动
============================================================
🔌 使用模拟 API（测试模式）
✅ Polymarket 量化机器人初始化完成
📊 模式：simulation
💰 初始资金：$10,000

============================================================
🤖 Polymarket 量化机器人 - 每日运行
📅 日期：2026-03-19 09:15
============================================================

🔌 从 API 获取市场数据...
✅ 获取到 5 个市场

🧠 运行预测模型...

📊 扫描 EV 机会...
✅ 发现 3 个 EV 机会
  ceasefire-2024:
    市场价=30%, 预测价=43%, EV=+44.3%
    主导因子：base_rate, 建议仓位=$475
  fed-cut-jun-2026:
    市场价=40%, 预测价=48%, EV=+21.2%
    主导因子：news_catalyst, 建议仓位=$354
  btc-100k-2026:
    市场价=65%, 预测价=60%, EV=-8.4%
    主导因子：market_sentiment, 建议仓位=$0

📊 扫描基础率机会...
⚠️  无基础率机会

📊 扫描 KL 套利机会...
✅ 发现 1 个套利机会
  ceasefire-2024 vs btc-100k-2026: KL=0.2566

📧 发送每日报告邮件...
✅ 邮件已发送：📊 Polymarket 量化机器人每日战报 - 2026-03-19
✅ 邮件发送成功！
📄 报告已保存：/Users/kelvin/.openclaw/workspace/polymarket-quant-bot/reports/daily_report_2026-03-19.md

============================================================
✅ 每日运行完成
============================================================

✅ 定时扫描完成
下次扫描：15 分钟后


============================================================
⏰ 定时扫描启动
============================================================
🔌 使用模拟 API（测试模式）
✅ Polymarket 量化机器人初始化完成
📊 模式：simulation
💰 初始资金：$10,000

============================================================
🤖 Polymarket 量化机器人 - 每日运行
📅 日期：2026-03-19 09:30
============================================================

🔌 从 API 获取市场数据...
✅ 获取到 5 个市场

🧠 运行预测模型...

📊 扫描 EV 机会...
✅ 发现 3 个 EV 机会
  ceasefire-2024:
    市场价=30%, 预测价=43%, EV=+44.3%
    主导因子：base_rate, 建议仓位=$475
  fed-cut-jun-2026:
    市场价=40%, 预测价=48%, EV=+21.2%
    主导因子：news_catalyst, 建议仓位=$354
  btc-100k-2026:
    市场价=65%, 预测价=60%, EV=-8.4%
    主导因子：market_sentiment, 建议仓位=$0

📊 扫描基础率机会...
⚠️  无基础率机会

📊 扫描 KL 套利机会...
✅ 发现 1 个套利机会
  ceasefire-2024 vs btc-100k-2026: KL=0.2566

📧 发送每日报告邮件...
✅ 邮件已发送：📊 Polymarket 量化机器人每日战报 - 2026-03-19
✅ 邮件发送成功！
📄 报告已保存：/Users/kelvin/.openclaw/workspace/polymarket-quant-bot/reports/daily_report_2026-03-19.md

============================================================
✅ 每日运行完成
============================================================

✅ 定时扫描完成
下次扫描：15 分钟后


============================================================
⏰ 定时扫描启动
============================================================
🔌 使用模拟 API（测试模式）
✅ Polymarket 量化机器人初始化完成
📊 模式：simulation
💰 初始资金：$10,000

============================================================
🤖 Polymarket 量化机器人 - 每日运行
📅 日期：2026-03-19 09:45
============================================================

🔌 从 API 获取市场数据...
✅ 获取到 5 个市场

🧠 运行预测模型...

📊 扫描 EV 机会...
✅ 发现 3 个 EV 机会
  ceasefire-2024:
    市场价=30%, 预测价=43%, EV=+44.3%
    主导因子：base_rate, 建议仓位=$475
  fed-cut-jun-2026:
    市场价=40%, 预测价=48%, EV=+21.2%
    主导因子：news_catalyst, 建议仓位=$354
  btc-100k-2026:
    市场价=65%, 预测价=60%, EV=-8.4%
    主导因子：market_sentiment, 建议仓位=$0

📊 扫描基础率机会...
⚠️  无基础率机会

📊 扫描 KL 套利机会...
✅ 发现 1 个套利机会
  ceasefire-2024 vs btc-100k-2026: KL=0.2566

📧 发送每日报告邮件...
✅ 邮件已发送：📊 Polymarket 量化机器人每日战报 - 2026-03-19
✅ 邮件发送成功！
📄 报告已保存：/Users/kelvin/.openclaw/workspace/polymarket-quant-bot/reports/daily_report_2026-03-19.md

============================================================
✅ 每日运行完成
============================================================

✅ 定时扫描完成
下次扫描：15 分钟后


============================================================
⏰ 定时扫描启动
============================================================
🔌 使用模拟 API（测试模式）
✅ Polymarket 量化机器人初始化完成
📊 模式：simulation
💰 初始资金：$10,000

============================================================
🤖 Polymarket 量化机器人 - 每日运行
📅 日期：2026-03-19 10:00
============================================================

🔌 从 API 获取市场数据...
✅ 获取到 5 个市场

🧠 运行预测模型...

📊 扫描 EV 机会...
✅ 发现 3 个 EV 机会
  ceasefire-2024:
    市场价=30%, 预测价=43%, EV=+44.3%
    主导因子：base_rate, 建议仓位=$475
  fed-cut-jun-2026:
    市场价=40%, 预测价=48%, EV=+21.2%
    主导因子：news_catalyst, 建议仓位=$354
  btc-100k-2026:
    市场价=65%, 预测价=60%, EV=-8.4%
    主导因子：market_sentiment, 建议仓位=$0

📊 扫描基础率机会...
⚠️  无基础率机会

📊 扫描 KL 套利机会...
✅ 发现 1 个套利机会
  ceasefire-2024 vs btc-100k-2026: KL=0.2566

📧 发送每日报告邮件...
✅ 邮件已发送：📊 Polymarket 量化机器人每日战报 - 2026-03-19
✅ 邮件发送成功！
📄 报告已保存：/Users/kelvin/.openclaw/workspace/polymarket-quant-bot/reports/daily_report_2026-03-19.md

============================================================
✅ 每日运行完成
============================================================

✅ 定时扫描完成
下次扫描：15 分钟后


============================================================
⏰ 定时扫描启动
============================================================
🔌 使用模拟 API（测试模式）
✅ Polymarket 量化机器人初始化完成
📊 模式：simulation
💰 初始资金：$10,000

============================================================
🤖 Polymarket 量化机器人 - 每日运行
📅 日期：2026-03-19 10:15
============================================================

🔌 从 API 获取市场数据...
✅ 获取到 5 个市场

🧠 运行预测模型...

📊 扫描 EV 机会...
✅ 发现 3 个 EV 机会
  ceasefire-2024:
    市场价=30%, 预测价=43%, EV=+44.3%
    主导因子：base_rate, 建议仓位=$475
  fed-cut-jun-2026:
    市场价=40%, 预测价=48%, EV=+21.2%
    主导因子：news_catalyst, 建议仓位=$354
  btc-100k-2026:
    市场价=65%, 预测价=60%, EV=-8.4%
    主导因子：market_sentiment, 建议仓位=$0

📊 扫描基础率机会...
⚠️  无基础率机会

📊 扫描 KL 套利机会...
✅ 发现 1 个套利机会
  ceasefire-2024 vs btc-100k-2026: KL=0.2566

📧 发送每日报告邮件...
✅ 邮件已发送：📊 Polymarket 量化机器人每日战报 - 2026-03-19
✅ 邮件发送成功！
📄 报告已保存：/Users/kelvin/.openclaw/workspace/polymarket-quant-bot/reports/daily_report_2026-03-19.md

============================================================
✅ 每日运行完成
============================================================

✅ 定时扫描完成
下次扫描：15 分钟后


============================================================
⏰ 定时扫描启动
============================================================
🔌 使用模拟 API（测试模式）
✅ Polymarket 量化机器人初始化完成
📊 模式：simulation
💰 初始资金：$10,000

============================================================
🤖 Polymarket 量化机器人 - 每日运行
📅 日期：2026-03-19 10:30
============================================================

🔌 从 API 获取市场数据...
✅ 获取到 5 个市场

🧠 运行预测模型...

📊 扫描 EV 机会...
✅ 发现 3 个 EV 机会
  ceasefire-2024:
    市场价=30%, 预测价=43%, EV=+44.3%
    主导因子：base_rate, 建议仓位=$475
  fed-cut-jun-2026:
    市场价=40%, 预测价=48%, EV=+21.2%
    主导因子：news_catalyst, 建议仓位=$354
  btc-100k-2026:
    市场价=65%, 预测价=60%, EV=-8.4%
    主导因子：market_sentiment, 建议仓位=$0

📊 扫描基础率机会...
⚠️  无基础率机会

📊 扫描 KL 套利机会...
✅ 发现 1 个套利机会
  ceasefire-2024 vs btc-100k-2026: KL=0.2566

📧 发送每日报告邮件...
✅ 邮件已发送：📊 Polymarket 量化机器人每日战报 - 2026-03-19
✅ 邮件发送成功！
📄 报告已保存：/Users/kelvin/.openclaw/workspace/polymarket-quant-bot/reports/daily_report_2026-03-19.md

============================================================
✅ 每日运行完成
============================================================

✅ 定时扫描完成
下次扫描：15 分钟后


============================================================
⏰ 定时扫描启动
============================================================
🔌 使用模拟 API（测试模式）
✅ Polymarket 量化机器人初始化完成
📊 模式：simulation
💰 初始资金：$10,000

============================================================
🤖 Polymarket 量化机器人 - 每日运行
📅 日期：2026-03-19 10:45
============================================================

🔌 从 API 获取市场数据...
✅ 获取到 5 个市场

🧠 运行预测模型...

📊 扫描 EV 机会...
✅ 发现 3 个 EV 机会
  ceasefire-2024:
    市场价=30%, 预测价=43%, EV=+44.3%
    主导因子：base_rate, 建议仓位=$475
  fed-cut-jun-2026:
    市场价=40%, 预测价=48%, EV=+21.2%
    主导因子：news_catalyst, 建议仓位=$354
  btc-100k-2026:
    市场价=65%, 预测价=60%, EV=-8.4%
    主导因子：market_sentiment, 建议仓位=$0

📊 扫描基础率机会...
⚠️  无基础率机会

📊 扫描 KL 套利机会...
✅ 发现 1 个套利机会
  ceasefire-2024 vs btc-100k-2026: KL=0.2566

📧 发送每日报告邮件...
✅ 邮件已发送：📊 Polymarket 量化机器人每日战报 - 2026-03-19
✅ 邮件发送成功！
📄 报告已保存：/Users/kelvin/.openclaw/workspace/polymarket-quant-bot/reports/daily_report_2026-03-19.md

============================================================
✅ 每日运行完成
============================================================

✅ 定时扫描完成
下次扫描：15 分钟后


============================================================
⏰ 定时扫描启动
============================================================
🔌 使用模拟 API（测试模式）
✅ Polymarket 量化机器人初始化完成
📊 模式：simulation
💰 初始资金：$10,000

============================================================
🤖 Polymarket 量化机器人 - 每日运行
📅 日期：2026-03-19 11:00
============================================================

🔌 从 API 获取市场数据...
✅ 获取到 5 个市场

🧠 运行预测模型...

📊 扫描 EV 机会...
✅ 发现 3 个 EV 机会
  ceasefire-2024:
    市场价=30%, 预测价=43%, EV=+44.3%
    主导因子：base_rate, 建议仓位=$475
  fed-cut-jun-2026:
    市场价=40%, 预测价=48%, EV=+21.2%
    主导因子：news_catalyst, 建议仓位=$354
  btc-100k-2026:
    市场价=65%, 预测价=60%, EV=-8.4%
    主导因子：market_sentiment, 建议仓位=$0

📊 扫描基础率机会...
⚠️  无基础率机会

📊 扫描 KL 套利机会...
✅ 发现 1 个套利机会
  ceasefire-2024 vs btc-100k-2026: KL=0.2566

📧 发送每日报告邮件...
✅ 邮件已发送：📊 Polymarket 量化机器人每日战报 - 2026-03-19
✅ 邮件发送成功！
📄 报告已保存：/Users/kelvin/.openclaw/workspace/polymarket-quant-bot/reports/daily_report_2026-03-19.md

============================================================
✅ 每日运行完成
============================================================

✅ 定时扫描完成
下次扫描：15 分钟后


============================================================
⏰ 定时扫描启动
============================================================
🔌 使用模拟 API（测试模式）
✅ Polymarket 量化机器人初始化完成
📊 模式：simulation
💰 初始资金：$10,000

============================================================
🤖 Polymarket 量化机器人 - 每日运行
📅 日期：2026-03-19 11:15
============================================================

🔌 从 API 获取市场数据...
✅ 获取到 5 个市场

🧠 运行预测模型...

📊 扫描 EV 机会...
✅ 发现 3 个 EV 机会
  ceasefire-2024:
    市场价=30%, 预测价=43%, EV=+44.3%
    主导因子：base_rate, 建议仓位=$475
  fed-cut-jun-2026:
    市场价=40%, 预测价=48%, EV=+21.2%
    主导因子：news_catalyst, 建议仓位=$354
  btc-100k-2026:
    市场价=65%, 预测价=60%, EV=-8.4%
    主导因子：market_sentiment, 建议仓位=$0

📊 扫描基础率机会...
⚠️  无基础率机会

📊 扫描 KL 套利机会...
✅ 发现 1 个套利机会
  ceasefire-2024 vs btc-100k-2026: KL=0.2566

📧 发送每日报告邮件...
✅ 邮件已发送：📊 Polymarket 量化机器人每日战报 - 2026-03-19
✅ 邮件发送成功！
📄 报告已保存：/Users/kelvin/.openclaw/workspace/polymarket-quant-bot/reports/daily_report_2026-03-19.md

============================================================
✅ 每日运行完成
============================================================

✅ 定时扫描完成
下次扫描：15 分钟后

